{
  "stats": {
    "suites": 1,
    "tests": 3,
    "passes": 3,
    "pending": 0,
    "failures": 0,
    "start": "2023-09-03T02:03:38.994Z",
    "end": "2023-09-03T02:03:43.765Z",
    "duration": 4771,
    "testsRegistered": 3,
    "passPercent": 100,
    "pendingPercent": 0,
    "other": 0,
    "hasOther": false,
    "skipped": 0,
    "hasSkipped": false
  },
  "results": [
    {
      "uuid": "a0cd09b6-ef3d-40ca-89f6-947f9ea957c4",
      "title": "",
      "fullFile": "cypress/e2e/Counter.spec.cy.js",
      "file": "cypress/e2e/Counter.spec.cy.js",
      "beforeHooks": [],
      "afterHooks": [],
      "tests": [],
      "suites": [
        {
          "uuid": "202e2ee0-ae4f-4d2c-8d54-23953669580e",
          "title": "Functional Test Automation with Cypress",
          "fullFile": "",
          "file": "",
          "beforeHooks": [],
          "afterHooks": [],
          "tests": [
            {
              "title": "Verify increment button functionality",
              "fullTitle": "Functional Test Automation with Cypress Verify increment button functionality",
              "timedOut": null,
              "duration": 674,
              "state": "passed",
              "speed": "fast",
              "pass": true,
              "fail": false,
              "pending": false,
              "context": null,
              "code": "cy.visit('localhost:3000');\ncy.contains('CounterApp');\ncy.get('h2').should('contain.text', '10');\ncy.get('button').first().click();\ncy.get('h2').should('contain.text', '11');",
              "err": {},
              "uuid": "900c4171-98d3-4c64-9173-fd30e2a09454",
              "parentUUID": "202e2ee0-ae4f-4d2c-8d54-23953669580e",
              "isHook": false,
              "skipped": false
            },
            {
              "title": "Verify decrement button functionality",
              "fullTitle": "Functional Test Automation with Cypress Verify decrement button functionality",
              "timedOut": null,
              "duration": 283,
              "state": "passed",
              "speed": "fast",
              "pass": true,
              "fail": false,
              "pending": false,
              "context": null,
              "code": "cy.visit('localhost:3000');\ncy.contains('CounterApp');\ncy.get('h2').should('contain.text', '10');\ncy.get('button').last().click();\ncy.get('h2').should('contain.text', '9');",
              "err": {},
              "uuid": "c44f6844-de4b-4164-8108-4de91fbfdb8f",
              "parentUUID": "202e2ee0-ae4f-4d2c-8d54-23953669580e",
              "isHook": false,
              "skipped": false
            },
            {
              "title": "Verify reset button functionality",
              "fullTitle": "Functional Test Automation with Cypress Verify reset button functionality",
              "timedOut": null,
              "duration": 1115,
              "state": "passed",
              "speed": "fast",
              "pass": true,
              "fail": false,
              "pending": false,
              "context": null,
              "code": "cy.visit('localhost:3000');\ncy.contains('CounterApp');\ncy.get('h2').should('contain.text', '10');\nfor (let i = 0; i < 10; i++) {\n  cy.get('button').last().click();\n}\ncy.get('h2').should('contain.text', '0');\ncy.contains('Reset').click();\ncy.get('h2').should('contain.text', '10');",
              "err": {},
              "uuid": "04f079a9-9561-4b34-9645-d40863b4cf64",
              "parentUUID": "202e2ee0-ae4f-4d2c-8d54-23953669580e",
              "isHook": false,
              "skipped": false
            }
          ],
          "suites": [],
          "passes": [
            "900c4171-98d3-4c64-9173-fd30e2a09454",
            "c44f6844-de4b-4164-8108-4de91fbfdb8f",
            "04f079a9-9561-4b34-9645-d40863b4cf64"
          ],
          "failures": [],
          "pending": [],
          "skipped": [],
          "duration": 2072,
          "root": false,
          "rootEmpty": false,
          "_timeout": 2000
        }
      ],
      "passes": [],
      "failures": [],
      "pending": [],
      "skipped": [],
      "duration": 0,
      "root": true,
      "rootEmpty": true,
      "_timeout": 2000
    }
  ],
  "meta": {
    "mocha": {
      "version": "7.0.1"
    },
    "mochawesome": {
      "options": {
        "quiet": false,
        "reportFilename": "mochawesome",
        "saveHtml": false,
        "saveJson": true,
        "consoleReporter": "spec",
        "useInlineDiffs": false,
        "code": true
      },
      "version": "7.1.3"
    },
    "marge": {
      "options": {
        "reportDir": "cypress/results",
        "overwrite": false,
        "html": false,
        "json": true
      },
      "version": "6.2.0"
    }
  }
}